   1              		.cpu cortex-a9
   2              		.eabi_attribute 28, 1
   3              		.eabi_attribute 20, 1
   4              		.eabi_attribute 21, 1
   5              		.eabi_attribute 23, 3
   6              		.eabi_attribute 24, 1
   7              		.eabi_attribute 25, 1
   8              		.eabi_attribute 26, 1
   9              		.eabi_attribute 30, 1
  10              		.eabi_attribute 34, 0
  11              		.eabi_attribute 18, 4
  12              		.file	"r_bcd_camera.c"
  13              		.text
  14              	.Ltext0:
  15              		.cfi_sections	.debug_frame
  16              		.section	.text.SwapPoint,"ax",%progbits
  17              		.align	2
  18              		.syntax unified
  19              		.arm
  20              		.fpu neon
  22              	SwapPoint:
  23              	.LFB6:
  24              		.file 1 "../src/renesas/application/r_bcd_camera.c"
   1:../src/renesas/application/r_bcd_camera.c **** /**************************************************************************************************
   2:../src/renesas/application/r_bcd_camera.c ****  * DISCLAIMER
   3:../src/renesas/application/r_bcd_camera.c ****  * This software is supplied by Renesas Electronics Corporation and is only intended for use with R
   4:../src/renesas/application/r_bcd_camera.c ****  * other uses are authorized. This software is owned by Renesas Electronics Corporation and is prot
   5:../src/renesas/application/r_bcd_camera.c ****  * applicable laws, including copyright laws.
   6:../src/renesas/application/r_bcd_camera.c ****  * THIS SOFTWARE IS PROVIDED "AS IS" AND RENESAS MAKES NO WARRANTIES REGARDING
   7:../src/renesas/application/r_bcd_camera.c ****  * THIS SOFTWARE, WHETHER EXPRESS, IMPLIED OR STATUTORY, INCLUDING BUT NOT LIMITED TO WARRANTIES OF
   8:../src/renesas/application/r_bcd_camera.c ****  * FITNESS FOR A PARTICULAR PURPOSE AND NON-INFRINGEMENT. ALL SUCH WARRANTIES ARE EXPRESSLY DISCLAI
   9:../src/renesas/application/r_bcd_camera.c ****  * EXTENT PERMITTED NOT PROHIBITED BY LAW, NEITHER RENESAS ELECTRONICS CORPORATION NOR ANY OF ITS A
  10:../src/renesas/application/r_bcd_camera.c ****  * SHALL BE LIABLE FOR ANY DIRECT, INDIRECT, SPECIAL, INCIDENTAL OR CONSEQUENTIAL DAMAGES FOR ANY R
  11:../src/renesas/application/r_bcd_camera.c ****  * THIS SOFTWARE, EVEN IF RENESAS OR ITS AFFILIATES HAVE BEEN ADVISED OF THE POSSIBILITY OF SUCH DA
  12:../src/renesas/application/r_bcd_camera.c ****  * Renesas reserves the right, without notice, to make changes to this software and to discontinue 
  13:../src/renesas/application/r_bcd_camera.c ****  * this software. By using this software, you agree to the additional terms and conditions found by
  14:../src/renesas/application/r_bcd_camera.c ****  * following link:
  15:../src/renesas/application/r_bcd_camera.c ****  * http://www.renesas.com/disclaimer
  16:../src/renesas/application/r_bcd_camera.c ****  *
  17:../src/renesas/application/r_bcd_camera.c ****  * Copyright (C) 2019 Renesas Electronics Corporation. All rights reserved.
  18:../src/renesas/application/r_bcd_camera.c ****  **************************************************************************************************
  19:../src/renesas/application/r_bcd_camera.c **** /******************************************************************************
  20:../src/renesas/application/r_bcd_camera.c **** Includes   <System Includes> , "Project Includes"
  21:../src/renesas/application/r_bcd_camera.c **** ******************************************************************************/
  22:../src/renesas/application/r_bcd_camera.c **** #include "r_typedefs.h"
  23:../src/renesas/application/r_bcd_camera.c **** #include "mipi_camera.h"
  24:../src/renesas/application/r_bcd_camera.c **** 
  25:../src/renesas/application/r_bcd_camera.c **** #include "r_rvapi_mipi.h"
  26:../src/renesas/application/r_bcd_camera.c **** #include "r_bcd_camera.h"
  27:../src/renesas/application/r_bcd_camera.c **** #include "r_intc_drv_api.h"
  28:../src/renesas/application/r_bcd_camera.c **** 
  29:../src/renesas/application/r_bcd_camera.c **** #include "r_bcd_ae.h"
  30:../src/renesas/application/r_bcd_camera.c **** 
  31:../src/renesas/application/r_bcd_camera.c **** uint8_t R_BCD_CameraBayerMode = 0 ;
  32:../src/renesas/application/r_bcd_camera.c **** 
  33:../src/renesas/application/r_bcd_camera.c **** /******************************************************************************
  34:../src/renesas/application/r_bcd_camera.c **** Typedef definitions
  35:../src/renesas/application/r_bcd_camera.c **** ******************************************************************************/
  36:../src/renesas/application/r_bcd_camera.c **** 
  37:../src/renesas/application/r_bcd_camera.c **** /******************************************************************************
  38:../src/renesas/application/r_bcd_camera.c **** Macro definitions
  39:../src/renesas/application/r_bcd_camera.c **** ******************************************************************************/
  40:../src/renesas/application/r_bcd_camera.c **** #define MB_REG_NUM_MAX (3)
  41:../src/renesas/application/r_bcd_camera.c **** 
  42:../src/renesas/application/r_bcd_camera.c **** /******************************************************************************
  43:../src/renesas/application/r_bcd_camera.c **** Imported global variables and functions (from other files)
  44:../src/renesas/application/r_bcd_camera.c **** ******************************************************************************/
  45:../src/renesas/application/r_bcd_camera.c **** 
  46:../src/renesas/application/r_bcd_camera.c **** /******************************************************************************
  47:../src/renesas/application/r_bcd_camera.c **** Exported global variables and functions (to be accessed by other files)
  48:../src/renesas/application/r_bcd_camera.c **** ******************************************************************************/
  49:../src/renesas/application/r_bcd_camera.c **** 
  50:../src/renesas/application/r_bcd_camera.c **** /******************************************************************************
  51:../src/renesas/application/r_bcd_camera.c **** Private global variables and functions
  52:../src/renesas/application/r_bcd_camera.c **** ******************************************************************************/
  53:../src/renesas/application/r_bcd_camera.c **** /* Static function */
  54:../src/renesas/application/r_bcd_camera.c **** static void MipiInt_isr(e_mipi_interrupt_type_t int_type);
  55:../src/renesas/application/r_bcd_camera.c **** static void SwapPoint (volatile uint32_t * point, uint32_t max_point);
  56:../src/renesas/application/r_bcd_camera.c **** 
  57:../src/renesas/application/r_bcd_camera.c **** /* Static variable */
  58:../src/renesas/application/r_bcd_camera.c **** volatile static int32_t vdc_captured = R_BCD_CAMERA_NOT_CAPTURED;
  59:../src/renesas/application/r_bcd_camera.c **** static uint8_t frame_buffer[R_BCD_CAMERA_FRAME_BUF_NUM][R_BCD_CAMERA_HEIGHT * R_BCD_CAMERA_WIDTH] _
  60:../src/renesas/application/r_bcd_camera.c **** volatile static uint32_t mb_manage_table[MB_REG_NUM_MAX];   /* Current buffer point for input captu
  61:../src/renesas/application/r_bcd_camera.c **** volatile static uint32_t buff_write_point;   /* Current buffer point for input capture data */
  62:../src/renesas/application/r_bcd_camera.c **** 
  63:../src/renesas/application/r_bcd_camera.c **** /******************************************************************************
  64:../src/renesas/application/r_bcd_camera.c **** * Function Name: R_BCD_CameraGetFrameAddress
  65:../src/renesas/application/r_bcd_camera.c **** * Description  : Returns the address of the frame buffer with the number specified by the argument
  66:../src/renesas/application/r_bcd_camera.c **** * Arguments    : index
  67:../src/renesas/application/r_bcd_camera.c **** *              :   index of the frame buffer
  68:../src/renesas/application/r_bcd_camera.c **** * Return Value : address of the frame buffer
  69:../src/renesas/application/r_bcd_camera.c **** ******************************************************************************/
  70:../src/renesas/application/r_bcd_camera.c **** uint8_t *R_BCD_CameraGetFrameAddress(int32_t index)
  71:../src/renesas/application/r_bcd_camera.c **** {
  72:../src/renesas/application/r_bcd_camera.c ****     return &frame_buffer[index][0];
  73:../src/renesas/application/r_bcd_camera.c **** }   /* End of function R_BCD_CameraGetFrameAddress() */
  74:../src/renesas/application/r_bcd_camera.c **** 
  75:../src/renesas/application/r_bcd_camera.c **** /******************************************************************************
  76:../src/renesas/application/r_bcd_camera.c **** * Function Name: R_BCD_CameraInit
  77:../src/renesas/application/r_bcd_camera.c **** * Description  : Initialization of camera capture processing(MIPI/VIN)
  78:../src/renesas/application/r_bcd_camera.c **** * Arguments    : -
  79:../src/renesas/application/r_bcd_camera.c **** * Return Value : 0  success
  80:../src/renesas/application/r_bcd_camera.c **** *                -1 fail
  81:../src/renesas/application/r_bcd_camera.c **** ******************************************************************************/
  82:../src/renesas/application/r_bcd_camera.c **** int32_t R_BCD_CameraInit(void)
  83:../src/renesas/application/r_bcd_camera.c **** {
  84:../src/renesas/application/r_bcd_camera.c ****     int32_t retval = 0;
  85:../src/renesas/application/r_bcd_camera.c ****     e_mipi_error_t result;
  86:../src/renesas/application/r_bcd_camera.c ****     st_mipi_param_t mipi_data;    /* Config data for MIPI */
  87:../src/renesas/application/r_bcd_camera.c ****     st_vin_setup_t vin_setup;     /* Config data for VIN */
  88:../src/renesas/application/r_bcd_camera.c ****     
  89:../src/renesas/application/r_bcd_camera.c ****     /* Initialize MIPI config data */
  90:../src/renesas/application/r_bcd_camera.c ****     mipi_data.mipi_lanenum    = CAM_MIPI_LANE_NUM;
  91:../src/renesas/application/r_bcd_camera.c ****     mipi_data.mipi_vc         = CAM_MIPI_SEL_VC;
  92:../src/renesas/application/r_bcd_camera.c ****     mipi_data.mipi_interlace  = MIPI_PROGRESSIVE;
  93:../src/renesas/application/r_bcd_camera.c ****     mipi_data.mipi_laneswap   = CAM_MIPI_LANE_SWAP;
  94:../src/renesas/application/r_bcd_camera.c ****     mipi_data.mipi_frametop   = 0;
  95:../src/renesas/application/r_bcd_camera.c ****     mipi_data.mipi_outputrate = CAM_MIPI_TRANSFER_RATE;
  96:../src/renesas/application/r_bcd_camera.c ****     mipi_data.mipi_phy_timing.mipi_ths_prepare  = CAM_MIPI_THS_PREPARE;
  97:../src/renesas/application/r_bcd_camera.c ****     mipi_data.mipi_phy_timing.mipi_ths_settle   = CAM_MIPI_THS_SETTLE;
  98:../src/renesas/application/r_bcd_camera.c ****     mipi_data.mipi_phy_timing.mipi_tclk_prepare = CAM_MIPI_TCLK_PREPARE;
  99:../src/renesas/application/r_bcd_camera.c ****     mipi_data.mipi_phy_timing.mipi_tclk_settle  = CAM_MIPI_TCLK_SETTLE;
 100:../src/renesas/application/r_bcd_camera.c ****     mipi_data.mipi_phy_timing.mipi_tclk_miss    = CAM_MIPI_TCLK_MISS;
 101:../src/renesas/application/r_bcd_camera.c ****     mipi_data.mipi_phy_timing.mipi_t_init_slave = CAM_MIPI_T_INIT_SLAVE;
 102:../src/renesas/application/r_bcd_camera.c ****     
 103:../src/renesas/application/r_bcd_camera.c ****     /* Initialize VIN config data */
 104:../src/renesas/application/r_bcd_camera.c ****     vin_setup.vin_preclip.vin_preclip_starty = CAM_VIN_PRECLIP_START_Y;
 105:../src/renesas/application/r_bcd_camera.c ****     vin_setup.vin_preclip.vin_preclip_endy   = ((CAM_VIN_PRECLIP_START_Y + CAM_VIN_PRECLIP_WIDTH_Y)
 106:../src/renesas/application/r_bcd_camera.c ****     vin_setup.vin_preclip.vin_preclip_startx = CAM_VIN_PRECLIP_START_X;
 107:../src/renesas/application/r_bcd_camera.c ****     vin_setup.vin_preclip.vin_preclip_endx   = ((CAM_VIN_PRECLIP_START_X + CAM_VIN_PRECLIP_WIDTH_X)
 108:../src/renesas/application/r_bcd_camera.c ****     vin_setup.vin_inputformat  = CAM_VIN_INPUT_FORMAT;
 109:../src/renesas/application/r_bcd_camera.c ****     vin_setup.vin_outputformat = CAM_VIN_OUTPUT_FORMAT;
 110:../src/renesas/application/r_bcd_camera.c ****     vin_setup.vin_outputendian = CAM_VIN_OUTPUT_ENDIAN;
 111:../src/renesas/application/r_bcd_camera.c ****     vin_setup.vin_interlace    = VIN_PROGRESSIVE;
 112:../src/renesas/application/r_bcd_camera.c ****     vin_setup.vin_stride       = CAM_VIN_OUTPUT_IS;
 113:../src/renesas/application/r_bcd_camera.c ****     vin_setup.vin_ycoffset     = (CAM_VIN_OUTPUT_IS * CAM_VIN_PRECLIP_WIDTH_Y);
 114:../src/renesas/application/r_bcd_camera.c ****     vin_setup.vin_input_align  = CAM_VIN_INPUT_YCAL;
 115:../src/renesas/application/r_bcd_camera.c ****     vin_setup.vin_output_swap  = CAM_VIN_OUTPUT_BPSM;
 116:../src/renesas/application/r_bcd_camera.c ****     
 117:../src/renesas/application/r_bcd_camera.c ****     /* Internal static RAM initialize */
 118:../src/renesas/application/r_bcd_camera.c ****     buff_write_point = 0;
 119:../src/renesas/application/r_bcd_camera.c **** 
 120:../src/renesas/application/r_bcd_camera.c ****     /* MIPI I/F power on */
 121:../src/renesas/application/r_bcd_camera.c ****     Init_Camera();
 122:../src/renesas/application/r_bcd_camera.c **** 
 123:../src/renesas/application/r_bcd_camera.c ****     /* Initialize MIPI driver */
 124:../src/renesas/application/r_bcd_camera.c ****     R_RVAPI_InitializeMIPI();
 125:../src/renesas/application/r_bcd_camera.c **** 
 126:../src/renesas/application/r_bcd_camera.c ****     /* Initial setting of MIPI / VIN */
 127:../src/renesas/application/r_bcd_camera.c ****     result = R_RVAPI_OpenMIPI(&mipi_data);
 128:../src/renesas/application/r_bcd_camera.c ****     retval = (result == MIPI_OK) ? 0 : (-1);
 129:../src/renesas/application/r_bcd_camera.c **** 
 130:../src/renesas/application/r_bcd_camera.c ****     if (retval == 0)
 131:../src/renesas/application/r_bcd_camera.c ****     {
 132:../src/renesas/application/r_bcd_camera.c ****         result = R_RVAPI_SetupMIPI(&vin_setup);
 133:../src/renesas/application/r_bcd_camera.c ****         retval = (result == MIPI_OK) ? 0 : (-1);
 134:../src/renesas/application/r_bcd_camera.c ****     }
 135:../src/renesas/application/r_bcd_camera.c **** 
 136:../src/renesas/application/r_bcd_camera.c ****     /* Setting of interrupt callback */
 137:../src/renesas/application/r_bcd_camera.c ****     {
 138:../src/renesas/application/r_bcd_camera.c ****         st_mipi_int_t config;
 139:../src/renesas/application/r_bcd_camera.c ****         config.type           = VIN_INT_FIELD;
 140:../src/renesas/application/r_bcd_camera.c **** 
 141:../src/renesas/application/r_bcd_camera.c ****         /* Setting NULL */
 142:../src/renesas/application/r_bcd_camera.c ****         config.p_mipiCallback = NULL;
 143:../src/renesas/application/r_bcd_camera.c ****         config.p_vinCallback  = MipiInt_isr;
 144:../src/renesas/application/r_bcd_camera.c ****         config.line_num       = 0;
 145:../src/renesas/application/r_bcd_camera.c ****         R_RVAPI_InterruptEnableMIPI( &config );
 146:../src/renesas/application/r_bcd_camera.c ****     }
 147:../src/renesas/application/r_bcd_camera.c **** 
 148:../src/renesas/application/r_bcd_camera.c ****     return retval;
 149:../src/renesas/application/r_bcd_camera.c **** }   /* End of function R_BCD_CameraInit() */
 150:../src/renesas/application/r_bcd_camera.c **** 
 151:../src/renesas/application/r_bcd_camera.c **** /******************************************************************************
 152:../src/renesas/application/r_bcd_camera.c **** * Function Name: R_BCD_CameraCaptureStart
 153:../src/renesas/application/r_bcd_camera.c **** * Description  : Start camera capture processing(MIPI/VIN)
 154:../src/renesas/application/r_bcd_camera.c **** * Arguments    : -
 155:../src/renesas/application/r_bcd_camera.c **** * Return Value : 0  success
 156:../src/renesas/application/r_bcd_camera.c **** *                -1 fail
 157:../src/renesas/application/r_bcd_camera.c **** ******************************************************************************/
 158:../src/renesas/application/r_bcd_camera.c **** int32_t R_BCD_CameraCaptureStart(void) 
 159:../src/renesas/application/r_bcd_camera.c **** {
 160:../src/renesas/application/r_bcd_camera.c ****     int32_t retval = 0;
 161:../src/renesas/application/r_bcd_camera.c ****     e_mipi_error_t result;
 162:../src/renesas/application/r_bcd_camera.c ****     uint32_t count;
 163:../src/renesas/application/r_bcd_camera.c **** 
 164:../src/renesas/application/r_bcd_camera.c ****     /* Set all MB register before start capture */
 165:../src/renesas/application/r_bcd_camera.c ****     for (count = 0; count < MB_REG_NUM_MAX; count++)
 166:../src/renesas/application/r_bcd_camera.c ****     {
 167:../src/renesas/application/r_bcd_camera.c ****         R_RVAPI_SetBufferMIPI(count, &frame_buffer[buff_write_point][0]);
 168:../src/renesas/application/r_bcd_camera.c ****         mb_manage_table[count] = buff_write_point;
 169:../src/renesas/application/r_bcd_camera.c ****         SwapPoint(&buff_write_point, R_BCD_CAMERA_FRAME_BUF_NUM);
 170:../src/renesas/application/r_bcd_camera.c ****     }
 171:../src/renesas/application/r_bcd_camera.c ****     result = R_RVAPI_CaptureStartMIPI();
 172:../src/renesas/application/r_bcd_camera.c ****     retval = (result == MIPI_OK) ? 0 : (-1);
 173:../src/renesas/application/r_bcd_camera.c **** 
 174:../src/renesas/application/r_bcd_camera.c ****     /* Camera clock start */
 175:../src/renesas/application/r_bcd_camera.c ****     Start_Camera();
 176:../src/renesas/application/r_bcd_camera.c **** 
 177:../src/renesas/application/r_bcd_camera.c ****     return retval;
 178:../src/renesas/application/r_bcd_camera.c **** }   /* End of function R_BCD_CameraCaptureStart() */
 179:../src/renesas/application/r_bcd_camera.c **** 
 180:../src/renesas/application/r_bcd_camera.c **** /******************************************************************************
 181:../src/renesas/application/r_bcd_camera.c **** * Function Name: R_BCD_CameraGetCaptureStatus
 182:../src/renesas/application/r_bcd_camera.c **** * Description  : This function returns the number of the frame buffer in
 183:../src/renesas/application/r_bcd_camera.c **** *              : which the capture data is stored.
 184:../src/renesas/application/r_bcd_camera.c **** * Arguments    : -
 185:../src/renesas/application/r_bcd_camera.c **** * Return Value : -1 (R_BCD_CAMERA_NOT_CAPTURED)
 186:../src/renesas/application/r_bcd_camera.c **** *              :   No data has been captured.
 187:../src/renesas/application/r_bcd_camera.c **** *              : 0
 188:../src/renesas/application/r_bcd_camera.c **** *              :   There is captured data in the 1st frame buffer.
 189:../src/renesas/application/r_bcd_camera.c **** *              : 1
 190:../src/renesas/application/r_bcd_camera.c **** *              :   There is captured data in the 2nd frame buffer.
 191:../src/renesas/application/r_bcd_camera.c **** *              : 2
 192:../src/renesas/application/r_bcd_camera.c **** *              :   There is captured data in the 3rd frame buffer.
 193:../src/renesas/application/r_bcd_camera.c **** ******************************************************************************/
 194:../src/renesas/application/r_bcd_camera.c **** int32_t R_BCD_CameraGetCaptureStatus(void) 
 195:../src/renesas/application/r_bcd_camera.c **** {
 196:../src/renesas/application/r_bcd_camera.c ****     return vdc_captured;
 197:../src/renesas/application/r_bcd_camera.c **** }   /* End of function R_BCD_CameraGetCaptureStatus() */
 198:../src/renesas/application/r_bcd_camera.c **** 
 199:../src/renesas/application/r_bcd_camera.c **** /******************************************************************************
 200:../src/renesas/application/r_bcd_camera.c **** * Function Name: R_BCD_CameraClearCaptureStatus
 201:../src/renesas/application/r_bcd_camera.c **** * Description  : This function clears the variable indicating the frame buffer
 202:../src/renesas/application/r_bcd_camera.c **** *              : where the capture data is stored.
 203:../src/renesas/application/r_bcd_camera.c **** * Arguments    : -
 204:../src/renesas/application/r_bcd_camera.c **** * Return Value : -
 205:../src/renesas/application/r_bcd_camera.c **** ******************************************************************************/
 206:../src/renesas/application/r_bcd_camera.c **** void R_BCD_CameraClearCaptureStatus(void)
 207:../src/renesas/application/r_bcd_camera.c **** {
 208:../src/renesas/application/r_bcd_camera.c ****     vdc_captured = R_BCD_CAMERA_NOT_CAPTURED;
 209:../src/renesas/application/r_bcd_camera.c **** 
 210:../src/renesas/application/r_bcd_camera.c ****     return;
 211:../src/renesas/application/r_bcd_camera.c **** }   /* End of function R_BCD_CameraClearCaptureStatus() */
 212:../src/renesas/application/r_bcd_camera.c **** 
 213:../src/renesas/application/r_bcd_camera.c **** /******************************************************************************
 214:../src/renesas/application/r_bcd_camera.c **** * Function Name: MipiInt_isr
 215:../src/renesas/application/r_bcd_camera.c **** * Description  : Function to handle interrupt of MIPI
 216:../src/renesas/application/r_bcd_camera.c **** *              : Find the frame buffer where the capture data is stored
 217:../src/renesas/application/r_bcd_camera.c **** *              : (Frame buffer is triple buffer)
 218:../src/renesas/application/r_bcd_camera.c **** * Arguments    : int_type
 219:../src/renesas/application/r_bcd_camera.c **** *              :   interrupt type (unused)
 220:../src/renesas/application/r_bcd_camera.c **** * Return Value : -
 221:../src/renesas/application/r_bcd_camera.c **** ******************************************************************************/
 222:../src/renesas/application/r_bcd_camera.c **** static void MipiInt_isr(e_mipi_interrupt_type_t int_type)
 223:../src/renesas/application/r_bcd_camera.c **** {
 224:../src/renesas/application/r_bcd_camera.c ****     if ((int_type & VIN_INT_FIELD) == VIN_INT_FIELD)
 225:../src/renesas/application/r_bcd_camera.c ****     {
 226:../src/renesas/application/r_bcd_camera.c ****         st_vin_info_type_t info;
 227:../src/renesas/application/r_bcd_camera.c **** 
 228:../src/renesas/application/r_bcd_camera.c ****         /* Capture complete */
 229:../src/renesas/application/r_bcd_camera.c ****         R_MIPI_GetInfo(&info);
 230:../src/renesas/application/r_bcd_camera.c ****         vdc_captured = mb_manage_table[info.vin_nowcapturebase];
 231:../src/renesas/application/r_bcd_camera.c ****         R_RVAPI_SetBufferMIPI(info.vin_nowcapturebase, &frame_buffer[buff_write_point][0]);
 232:../src/renesas/application/r_bcd_camera.c ****         mb_manage_table[info.vin_nowcapturebase] = buff_write_point;
 233:../src/renesas/application/r_bcd_camera.c ****         SwapPoint(&buff_write_point, R_BCD_CAMERA_FRAME_BUF_NUM);         /* swap buffer point for 
 234:../src/renesas/application/r_bcd_camera.c ****     }
 235:../src/renesas/application/r_bcd_camera.c ****     return;
 236:../src/renesas/application/r_bcd_camera.c **** }   /* End of function MipiInt_isr() */
 237:../src/renesas/application/r_bcd_camera.c **** 
 238:../src/renesas/application/r_bcd_camera.c **** /**********************************************************************
 239:../src/renesas/application/r_bcd_camera.c **** * Function Name: SwapPoint
 240:../src/renesas/application/r_bcd_camera.c **** * Description  : Swap Pointer Function
 241:../src/renesas/application/r_bcd_camera.c **** * Arguments    : point        : Address of pointer value
 242:../src/renesas/application/r_bcd_camera.c ****                  max_point    : Max of pointer value
 243:../src/renesas/application/r_bcd_camera.c **** * Return Value : none
 244:../src/renesas/application/r_bcd_camera.c **** **********************************************************************/
 245:../src/renesas/application/r_bcd_camera.c **** static void SwapPoint (volatile uint32_t * point, uint32_t max_point)
 246:../src/renesas/application/r_bcd_camera.c **** {
  25              		.loc 1 246 0
  26              		.cfi_startproc
  27              		@ args = 0, pretend = 0, frame = 0
  28              		@ frame_needed = 0, uses_anonymous_args = 0
  29              		@ link register save eliminated.
  30              	.LVL0:
 247:../src/renesas/application/r_bcd_camera.c ****     /* This implicit casting is valid because either values are pointer */
 248:../src/renesas/application/r_bcd_camera.c ****     if (point != NULL )
  31              		.loc 1 248 0
  32 0000 000050E3 		cmp	r0, #0
  33 0004 1EFF2F01 		bxeq	lr
 249:../src/renesas/application/r_bcd_camera.c ****     {
 250:../src/renesas/application/r_bcd_camera.c ****         *point = (*point) + 1;
  34              		.loc 1 250 0
  35 0008 003090E5 		ldr	r3, [r0]
  36 000c 013083E2 		add	r3, r3, #1
  37 0010 003080E5 		str	r3, [r0]
 251:../src/renesas/application/r_bcd_camera.c ****         if ((*point) >= max_point)
  38              		.loc 1 251 0
  39 0014 003090E5 		ldr	r3, [r0]
  40 0018 010053E1 		cmp	r3, r1
 252:../src/renesas/application/r_bcd_camera.c ****         {
 253:../src/renesas/application/r_bcd_camera.c ****             *point = 0;
  41              		.loc 1 253 0
  42 001c 0030A023 		movcs	r3, #0
  43 0020 00308025 		strcs	r3, [r0]
  44 0024 1EFF2FE1 		bx	lr
  45              		.cfi_endproc
  46              	.LFE6:
  48              		.section	.text.MipiInt_isr,"ax",%progbits
  49              		.align	2
  50              		.syntax unified
  51              		.arm
  52              		.fpu neon
  54              	MipiInt_isr:
  55              	.LFB5:
 223:../src/renesas/application/r_bcd_camera.c ****     if ((int_type & VIN_INT_FIELD) == VIN_INT_FIELD)
  56              		.loc 1 223 0
  57              		.cfi_startproc
  58              		@ args = 0, pretend = 0, frame = 8
  59              		@ frame_needed = 0, uses_anonymous_args = 0
  60              	.LVL1:
 224:../src/renesas/application/r_bcd_camera.c ****     {
  61              		.loc 1 224 0
  62 0000 020510E3 		tst	r0, #8388608
  63 0004 1EFF2F01 		bxeq	lr
 223:../src/renesas/application/r_bcd_camera.c ****     if ((int_type & VIN_INT_FIELD) == VIN_INT_FIELD)
  64              		.loc 1 223 0
  65 0008 30402DE9 		push	{r4, r5, lr}
  66              		.cfi_def_cfa_offset 12
  67              		.cfi_offset 4, -12
  68              		.cfi_offset 5, -8
  69              		.cfi_offset 14, -4
  70 000c 0CD04DE2 		sub	sp, sp, #12
  71              		.cfi_def_cfa_offset 24
  72              	.LBB2:
 229:../src/renesas/application/r_bcd_camera.c ****         vdc_captured = mb_manage_table[info.vin_nowcapturebase];
  73              		.loc 1 229 0
  74 0010 04008DE2 		add	r0, sp, #4
  75              	.LVL2:
  76 0014 FEFFFFEB 		bl	R_MIPI_GetInfo
  77              	.LVL3:
 230:../src/renesas/application/r_bcd_camera.c ****         R_RVAPI_SetBufferMIPI(info.vin_nowcapturebase, &frame_buffer[buff_write_point][0]);
  78              		.loc 1 230 0
  79 0018 0700DDE5 		ldrb	r0, [sp, #7]	@ zero_extendqisi2
  80 001c 005000E3 		movw	r5, #:lower16:.LANCHOR0
  81 0020 005040E3 		movt	r5, #:upper16:.LANCHOR0
  82 0024 002195E7 		ldr	r2, [r5, r0, lsl #2]
  83 0028 003000E3 		movw	r3, #:lower16:.LANCHOR1
  84 002c 003040E3 		movt	r3, #:upper16:.LANCHOR1
  85 0030 002083E5 		str	r2, [r3]
 231:../src/renesas/application/r_bcd_camera.c ****         mb_manage_table[info.vin_nowcapturebase] = buff_write_point;
  86              		.loc 1 231 0
  87 0034 004000E3 		movw	r4, #:lower16:.LANCHOR2
  88 0038 004040E3 		movt	r4, #:upper16:.LANCHOR2
  89 003c 002094E5 		ldr	r2, [r4]
  90 0040 003000E3 		movw	r3, #:lower16:.LANCHOR3
  91 0044 003040E3 		movt	r3, #:upper16:.LANCHOR3
  92 0048 4B1AA0E3 		mov	r1, #307200
  93 004c 913221E0 		mla	r1, r1, r2, r3
  94 0050 FEFFFFEB 		bl	R_RVAPI_SetBufferMIPI
  95              	.LVL4:
 232:../src/renesas/application/r_bcd_camera.c ****         SwapPoint(&buff_write_point, R_BCD_CAMERA_FRAME_BUF_NUM);         /* swap buffer point for 
  96              		.loc 1 232 0
  97 0054 0730DDE5 		ldrb	r3, [sp, #7]	@ zero_extendqisi2
  98 0058 002094E5 		ldr	r2, [r4]
  99 005c 032185E7 		str	r2, [r5, r3, lsl #2]
 233:../src/renesas/application/r_bcd_camera.c ****     }
 100              		.loc 1 233 0
 101 0060 0210A0E3 		mov	r1, #2
 102 0064 0400A0E1 		mov	r0, r4
 103 0068 FEFFFFEB 		bl	SwapPoint
 104              	.LVL5:
 105              	.LBE2:
 236:../src/renesas/application/r_bcd_camera.c **** 
 106              		.loc 1 236 0
 107 006c 0CD08DE2 		add	sp, sp, #12
 108              		.cfi_def_cfa_offset 12
 109              		@ sp needed
 110 0070 3080BDE8 		pop	{r4, r5, pc}
 111              		.cfi_endproc
 112              	.LFE5:
 114              		.section	.text.R_BCD_CameraGetFrameAddress,"ax",%progbits
 115              		.align	2
 116              		.global	R_BCD_CameraGetFrameAddress
 117              		.syntax unified
 118              		.arm
 119              		.fpu neon
 121              	R_BCD_CameraGetFrameAddress:
 122              	.LFB0:
  71:../src/renesas/application/r_bcd_camera.c ****     return &frame_buffer[index][0];
 123              		.loc 1 71 0
 124              		.cfi_startproc
 125              		@ args = 0, pretend = 0, frame = 0
 126              		@ frame_needed = 0, uses_anonymous_args = 0
 127              		@ link register save eliminated.
 128              	.LVL6:
  72:../src/renesas/application/r_bcd_camera.c **** }   /* End of function R_BCD_CameraGetFrameAddress() */
 129              		.loc 1 72 0
 130 0000 003000E3 		movw	r3, #:lower16:.LANCHOR3
 131 0004 003040E3 		movt	r3, #:upper16:.LANCHOR3
  73:../src/renesas/application/r_bcd_camera.c **** 
 132              		.loc 1 73 0
 133 0008 4B2AA0E3 		mov	r2, #307200
 134 000c 923020E0 		mla	r0, r2, r0, r3
 135              	.LVL7:
 136 0010 1EFF2FE1 		bx	lr
 137              		.cfi_endproc
 138              	.LFE0:
 140              		.section	.text.R_BCD_CameraInit,"ax",%progbits
 141              		.align	2
 142              		.global	R_BCD_CameraInit
 143              		.syntax unified
 144              		.arm
 145              		.fpu neon
 147              	R_BCD_CameraInit:
 148              	.LFB1:
  83:../src/renesas/application/r_bcd_camera.c ****     int32_t retval = 0;
 149              		.loc 1 83 0
 150              		.cfi_startproc
 151              		@ args = 0, pretend = 0, frame = 80
 152              		@ frame_needed = 0, uses_anonymous_args = 0
 153 0000 10402DE9 		push	{r4, lr}
 154              		.cfi_def_cfa_offset 8
 155              		.cfi_offset 4, -8
 156              		.cfi_offset 14, -4
 157 0004 50D04DE2 		sub	sp, sp, #80
 158              		.cfi_def_cfa_offset 88
 159              	.LVL8:
  90:../src/renesas/application/r_bcd_camera.c ****     mipi_data.mipi_vc         = CAM_MIPI_SEL_VC;
 160              		.loc 1 90 0
 161 0008 0230A0E3 		mov	r3, #2
 162 000c 3C30CDE5 		strb	r3, [sp, #60]
  91:../src/renesas/application/r_bcd_camera.c ****     mipi_data.mipi_interlace  = MIPI_PROGRESSIVE;
 163              		.loc 1 91 0
 164 0010 0030A0E3 		mov	r3, #0
 165 0014 3D30CDE5 		strb	r3, [sp, #61]
  92:../src/renesas/application/r_bcd_camera.c ****     mipi_data.mipi_laneswap   = CAM_MIPI_LANE_SWAP;
 166              		.loc 1 92 0
 167 0018 3E30CDE5 		strb	r3, [sp, #62]
  93:../src/renesas/application/r_bcd_camera.c ****     mipi_data.mipi_frametop   = 0;
 168              		.loc 1 93 0
 169 001c 3F30CDE5 		strb	r3, [sp, #63]
  94:../src/renesas/application/r_bcd_camera.c ****     mipi_data.mipi_outputrate = CAM_MIPI_TRANSFER_RATE;
 170              		.loc 1 94 0
 171 0020 B034CDE1 		strh	r3, [sp, #64]	@ movhi
  95:../src/renesas/application/r_bcd_camera.c ****     mipi_data.mipi_phy_timing.mipi_ths_prepare  = CAM_MIPI_THS_PREPARE;
 172              		.loc 1 95 0
 173 0024 5020A0E3 		mov	r2, #80
 174 0028 B224CDE1 		strh	r2, [sp, #66]	@ movhi
  96:../src/renesas/application/r_bcd_camera.c ****     mipi_data.mipi_phy_timing.mipi_ths_settle   = CAM_MIPI_THS_SETTLE;
 175              		.loc 1 96 0
 176 002c 0920A0E3 		mov	r2, #9
 177 0030 B424CDE1 		strh	r2, [sp, #68]	@ movhi
  97:../src/renesas/application/r_bcd_camera.c ****     mipi_data.mipi_phy_timing.mipi_tclk_prepare = CAM_MIPI_TCLK_PREPARE;
 178              		.loc 1 97 0
 179 0034 1420A0E3 		mov	r2, #20
 180 0038 B624CDE1 		strh	r2, [sp, #70]	@ movhi
  98:../src/renesas/application/r_bcd_camera.c ****     mipi_data.mipi_phy_timing.mipi_tclk_settle  = CAM_MIPI_TCLK_SETTLE;
 181              		.loc 1 98 0
 182 003c 0A10A0E3 		mov	r1, #10
 183 0040 B814CDE1 		strh	r1, [sp, #72]	@ movhi
  99:../src/renesas/application/r_bcd_camera.c ****     mipi_data.mipi_phy_timing.mipi_tclk_miss    = CAM_MIPI_TCLK_MISS;
 184              		.loc 1 99 0
 185 0044 BA24CDE1 		strh	r2, [sp, #74]	@ movhi
 100:../src/renesas/application/r_bcd_camera.c ****     mipi_data.mipi_phy_timing.mipi_t_init_slave = CAM_MIPI_T_INIT_SLAVE;
 186              		.loc 1 100 0
 187 0048 0320A0E3 		mov	r2, #3
 188 004c BC24CDE1 		strh	r2, [sp, #76]	@ movhi
 101:../src/renesas/application/r_bcd_camera.c ****     
 189              		.loc 1 101 0
 190 0050 F31303E3 		movw	r1, #13299
 191 0054 BE14CDE1 		strh	r1, [sp, #78]	@ movhi
 104:../src/renesas/application/r_bcd_camera.c ****     vin_setup.vin_preclip.vin_preclip_endy   = ((CAM_VIN_PRECLIP_START_Y + CAM_VIN_PRECLIP_WIDTH_Y)
 192              		.loc 1 104 0
 193 0058 1810A0E3 		mov	r1, #24
 194 005c B411CDE1 		strh	r1, [sp, #20]	@ movhi
 105:../src/renesas/application/r_bcd_camera.c ****     vin_setup.vin_preclip.vin_preclip_startx = CAM_VIN_PRECLIP_START_X;
 195              		.loc 1 105 0
 196 0060 F71100E3 		movw	r1, #503
 197 0064 B611CDE1 		strh	r1, [sp, #22]	@ movhi
 106:../src/renesas/application/r_bcd_camera.c ****     vin_setup.vin_preclip.vin_preclip_endx   = ((CAM_VIN_PRECLIP_START_X + CAM_VIN_PRECLIP_WIDTH_X)
 198              		.loc 1 106 0
 199 0068 6410A0E3 		mov	r1, #100
 200 006c B811CDE1 		strh	r1, [sp, #24]	@ movhi
 107:../src/renesas/application/r_bcd_camera.c ****     vin_setup.vin_inputformat  = CAM_VIN_INPUT_FORMAT;
 201              		.loc 1 107 0
 202 0070 E31200E3 		movw	r1, #739
 203 0074 BA11CDE1 		strh	r1, [sp, #26]	@ movhi
 108:../src/renesas/application/r_bcd_camera.c ****     vin_setup.vin_outputformat = CAM_VIN_OUTPUT_FORMAT;
 204              		.loc 1 108 0
 205 0078 0410A0E3 		mov	r1, #4
 206 007c 2810CDE5 		strb	r1, [sp, #40]
 109:../src/renesas/application/r_bcd_camera.c ****     vin_setup.vin_outputendian = CAM_VIN_OUTPUT_ENDIAN;
 207              		.loc 1 109 0
 208 0080 2010A0E3 		mov	r1, #32
 209 0084 2910CDE5 		strb	r1, [sp, #41]
 110:../src/renesas/application/r_bcd_camera.c ****     vin_setup.vin_interlace    = VIN_PROGRESSIVE;
 210              		.loc 1 110 0
 211 0088 2A30CDE5 		strb	r3, [sp, #42]
 111:../src/renesas/application/r_bcd_camera.c ****     vin_setup.vin_stride       = CAM_VIN_OUTPUT_IS;
 212              		.loc 1 111 0
 213 008c 2C20CDE5 		strb	r2, [sp, #44]
 112:../src/renesas/application/r_bcd_camera.c ****     vin_setup.vin_ycoffset     = (CAM_VIN_OUTPUT_IS * CAM_VIN_PRECLIP_WIDTH_Y);
 214              		.loc 1 112 0
 215 0090 0A2DA0E3 		mov	r2, #640
 216 0094 B023CDE1 		strh	r2, [sp, #48]	@ movhi
 113:../src/renesas/application/r_bcd_camera.c ****     vin_setup.vin_input_align  = CAM_VIN_INPUT_YCAL;
 217              		.loc 1 113 0
 218 0098 4B2AA0E3 		mov	r2, #307200
 219 009c 34208DE5 		str	r2, [sp, #52]
 114:../src/renesas/application/r_bcd_camera.c ****     vin_setup.vin_output_swap  = CAM_VIN_OUTPUT_BPSM;
 220              		.loc 1 114 0
 221 00a0 3830CDE5 		strb	r3, [sp, #56]
 115:../src/renesas/application/r_bcd_camera.c ****     
 222              		.loc 1 115 0
 223 00a4 3930CDE5 		strb	r3, [sp, #57]
 118:../src/renesas/application/r_bcd_camera.c **** 
 224              		.loc 1 118 0
 225 00a8 002000E3 		movw	r2, #:lower16:.LANCHOR2
 226 00ac 002040E3 		movt	r2, #:upper16:.LANCHOR2
 227 00b0 003082E5 		str	r3, [r2]
 121:../src/renesas/application/r_bcd_camera.c **** 
 228              		.loc 1 121 0
 229 00b4 FEFFFFEB 		bl	Init_Camera
 230              	.LVL9:
 124:../src/renesas/application/r_bcd_camera.c **** 
 231              		.loc 1 124 0
 232 00b8 FEFFFFEB 		bl	R_RVAPI_InitializeMIPI
 233              	.LVL10:
 127:../src/renesas/application/r_bcd_camera.c ****     retval = (result == MIPI_OK) ? 0 : (-1);
 234              		.loc 1 127 0
 235 00bc 3C008DE2 		add	r0, sp, #60
 236 00c0 FEFFFFEB 		bl	R_RVAPI_OpenMIPI
 237              	.LVL11:
 128:../src/renesas/application/r_bcd_camera.c **** 
 238              		.loc 1 128 0
 239 00c4 000050E3 		cmp	r0, #0
 240 00c8 0F00001A 		bne	.L13
 241 00cc 0040A0E3 		mov	r4, #0
 242              	.L11:
 243              	.LVL12:
 130:../src/renesas/application/r_bcd_camera.c ****     {
 244              		.loc 1 130 0 discriminator 4
 245 00d0 000054E3 		cmp	r4, #0
 246 00d4 0E00000A 		beq	.L16
 247              	.LVL13:
 248              	.L12:
 249              	.LBB3:
 139:../src/renesas/application/r_bcd_camera.c **** 
 250              		.loc 1 139 0
 251 00d8 0235A0E3 		mov	r3, #8388608
 252 00dc 04308DE5 		str	r3, [sp, #4]
 142:../src/renesas/application/r_bcd_camera.c ****         config.p_vinCallback  = MipiInt_isr;
 253              		.loc 1 142 0
 254 00e0 0020A0E3 		mov	r2, #0
 255 00e4 08208DE5 		str	r2, [sp, #8]
 143:../src/renesas/application/r_bcd_camera.c ****         config.line_num       = 0;
 256              		.loc 1 143 0
 257 00e8 003000E3 		movw	r3, #:lower16:MipiInt_isr
 258 00ec 003040E3 		movt	r3, #:upper16:MipiInt_isr
 259 00f0 0C308DE5 		str	r3, [sp, #12]
 144:../src/renesas/application/r_bcd_camera.c ****         R_RVAPI_InterruptEnableMIPI( &config );
 260              		.loc 1 144 0
 261 00f4 10208DE5 		str	r2, [sp, #16]
 145:../src/renesas/application/r_bcd_camera.c ****     }
 262              		.loc 1 145 0
 263 00f8 04008DE2 		add	r0, sp, #4
 264              	.LVL14:
 265 00fc FEFFFFEB 		bl	R_RVAPI_InterruptEnableMIPI
 266              	.LVL15:
 267              	.LBE3:
 149:../src/renesas/application/r_bcd_camera.c **** 
 268              		.loc 1 149 0
 269 0100 0400A0E1 		mov	r0, r4
 270 0104 50D08DE2 		add	sp, sp, #80
 271              		.cfi_remember_state
 272              		.cfi_def_cfa_offset 8
 273              		@ sp needed
 274 0108 1080BDE8 		pop	{r4, pc}
 275              	.LVL16:
 276              	.L13:
 277              		.cfi_restore_state
 128:../src/renesas/application/r_bcd_camera.c **** 
 278              		.loc 1 128 0
 279 010c 0040E0E3 		mvn	r4, #0
 280 0110 EEFFFFEA 		b	.L11
 281              	.LVL17:
 282              	.L16:
 132:../src/renesas/application/r_bcd_camera.c ****         retval = (result == MIPI_OK) ? 0 : (-1);
 283              		.loc 1 132 0
 284 0114 14008DE2 		add	r0, sp, #20
 285              	.LVL18:
 286 0118 FEFFFFEB 		bl	R_RVAPI_SetupMIPI
 287              	.LVL19:
 133:../src/renesas/application/r_bcd_camera.c ****     }
 288              		.loc 1 133 0
 289 011c 000050E3 		cmp	r0, #0
 290 0120 0040E013 		mvnne	r4, #0
 291              	.LVL20:
 292 0124 EBFFFFEA 		b	.L12
 293              		.cfi_endproc
 294              	.LFE1:
 296              		.section	.text.R_BCD_CameraCaptureStart,"ax",%progbits
 297              		.align	2
 298              		.global	R_BCD_CameraCaptureStart
 299              		.syntax unified
 300              		.arm
 301              		.fpu neon
 303              	R_BCD_CameraCaptureStart:
 304              	.LFB2:
 159:../src/renesas/application/r_bcd_camera.c ****     int32_t retval = 0;
 305              		.loc 1 159 0
 306              		.cfi_startproc
 307              		@ args = 0, pretend = 0, frame = 0
 308              		@ frame_needed = 0, uses_anonymous_args = 0
 309 0000 70402DE9 		push	{r4, r5, r6, lr}
 310              		.cfi_def_cfa_offset 16
 311              		.cfi_offset 4, -16
 312              		.cfi_offset 5, -12
 313              		.cfi_offset 6, -8
 314              		.cfi_offset 14, -4
 315              	.LVL21:
 165:../src/renesas/application/r_bcd_camera.c ****     {
 316              		.loc 1 165 0
 317 0004 0050A0E3 		mov	r5, #0
 318 0008 100000EA 		b	.L18
 319              	.LVL22:
 320              	.L19:
 167:../src/renesas/application/r_bcd_camera.c ****         mb_manage_table[count] = buff_write_point;
 321              		.loc 1 167 0 discriminator 3
 322 000c 004000E3 		movw	r4, #:lower16:.LANCHOR2
 323 0010 004040E3 		movt	r4, #:upper16:.LANCHOR2
 324 0014 002094E5 		ldr	r2, [r4]
 325 0018 003000E3 		movw	r3, #:lower16:.LANCHOR3
 326 001c 003040E3 		movt	r3, #:upper16:.LANCHOR3
 327 0020 4B1AA0E3 		mov	r1, #307200
 328 0024 913221E0 		mla	r1, r1, r2, r3
 329 0028 7500EFE6 		uxtb	r0, r5
 330 002c FEFFFFEB 		bl	R_RVAPI_SetBufferMIPI
 331              	.LVL23:
 168:../src/renesas/application/r_bcd_camera.c ****         SwapPoint(&buff_write_point, R_BCD_CAMERA_FRAME_BUF_NUM);
 332              		.loc 1 168 0 discriminator 3
 333 0030 002094E5 		ldr	r2, [r4]
 334 0034 003000E3 		movw	r3, #:lower16:.LANCHOR0
 335 0038 003040E3 		movt	r3, #:upper16:.LANCHOR0
 336 003c 052183E7 		str	r2, [r3, r5, lsl #2]
 169:../src/renesas/application/r_bcd_camera.c ****     }
 337              		.loc 1 169 0 discriminator 3
 338 0040 0210A0E3 		mov	r1, #2
 339 0044 0400A0E1 		mov	r0, r4
 340 0048 FEFFFFEB 		bl	SwapPoint
 341              	.LVL24:
 165:../src/renesas/application/r_bcd_camera.c ****     {
 342              		.loc 1 165 0 discriminator 3
 343 004c 015085E2 		add	r5, r5, #1
 344              	.LVL25:
 345              	.L18:
 165:../src/renesas/application/r_bcd_camera.c ****     {
 346              		.loc 1 165 0 is_stmt 0 discriminator 1
 347 0050 020055E3 		cmp	r5, #2
 348 0054 ECFFFF9A 		bls	.L19
 171:../src/renesas/application/r_bcd_camera.c ****     retval = (result == MIPI_OK) ? 0 : (-1);
 349              		.loc 1 171 0 is_stmt 1
 350 0058 FEFFFFEB 		bl	R_RVAPI_CaptureStartMIPI
 351              	.LVL26:
 172:../src/renesas/application/r_bcd_camera.c **** 
 352              		.loc 1 172 0
 353 005c 000050E3 		cmp	r0, #0
 354 0060 0300001A 		bne	.L21
 355 0064 0040A0E3 		mov	r4, #0
 356              	.L20:
 357              	.LVL27:
 175:../src/renesas/application/r_bcd_camera.c **** 
 358              		.loc 1 175 0 discriminator 4
 359 0068 FEFFFFEB 		bl	Start_Camera
 360              	.LVL28:
 178:../src/renesas/application/r_bcd_camera.c **** 
 361              		.loc 1 178 0 discriminator 4
 362 006c 0400A0E1 		mov	r0, r4
 363 0070 7080BDE8 		pop	{r4, r5, r6, pc}
 364              	.LVL29:
 365              	.L21:
 172:../src/renesas/application/r_bcd_camera.c **** 
 366              		.loc 1 172 0
 367 0074 0040E0E3 		mvn	r4, #0
 368 0078 FAFFFFEA 		b	.L20
 369              		.cfi_endproc
 370              	.LFE2:
 372              		.section	.text.R_BCD_CameraGetCaptureStatus,"ax",%progbits
 373              		.align	2
 374              		.global	R_BCD_CameraGetCaptureStatus
 375              		.syntax unified
 376              		.arm
 377              		.fpu neon
 379              	R_BCD_CameraGetCaptureStatus:
 380              	.LFB3:
 195:../src/renesas/application/r_bcd_camera.c ****     return vdc_captured;
 381              		.loc 1 195 0
 382              		.cfi_startproc
 383              		@ args = 0, pretend = 0, frame = 0
 384              		@ frame_needed = 0, uses_anonymous_args = 0
 385              		@ link register save eliminated.
 196:../src/renesas/application/r_bcd_camera.c **** }   /* End of function R_BCD_CameraGetCaptureStatus() */
 386              		.loc 1 196 0
 387 0000 003000E3 		movw	r3, #:lower16:.LANCHOR1
 388 0004 003040E3 		movt	r3, #:upper16:.LANCHOR1
 389 0008 000093E5 		ldr	r0, [r3]
 197:../src/renesas/application/r_bcd_camera.c **** 
 390              		.loc 1 197 0
 391 000c 1EFF2FE1 		bx	lr
 392              		.cfi_endproc
 393              	.LFE3:
 395              		.section	.text.R_BCD_CameraClearCaptureStatus,"ax",%progbits
 396              		.align	2
 397              		.global	R_BCD_CameraClearCaptureStatus
 398              		.syntax unified
 399              		.arm
 400              		.fpu neon
 402              	R_BCD_CameraClearCaptureStatus:
 403              	.LFB4:
 207:../src/renesas/application/r_bcd_camera.c ****     vdc_captured = R_BCD_CAMERA_NOT_CAPTURED;
 404              		.loc 1 207 0
 405              		.cfi_startproc
 406              		@ args = 0, pretend = 0, frame = 0
 407              		@ frame_needed = 0, uses_anonymous_args = 0
 408              		@ link register save eliminated.
 208:../src/renesas/application/r_bcd_camera.c **** 
 409              		.loc 1 208 0
 410 0000 003000E3 		movw	r3, #:lower16:.LANCHOR1
 411 0004 003040E3 		movt	r3, #:upper16:.LANCHOR1
 412 0008 0020E0E3 		mvn	r2, #0
 413 000c 002083E5 		str	r2, [r3]
 414 0010 1EFF2FE1 		bx	lr
 415              		.cfi_endproc
 416              	.LFE4:
 418              		.global	R_BCD_CameraBayerMode
 419              		.section	.bss.R_BCD_CameraBayerMode,"aw",%nobits
 422              	R_BCD_CameraBayerMode:
 423 0000 00       		.space	1
 424              		.section	.bss.buff_write_point,"aw",%nobits
 425              		.align	2
 426              		.set	.LANCHOR2,. + 0
 429              	buff_write_point:
 430 0000 00000000 		.space	4
 431              		.section	.bss.mb_manage_table,"aw",%nobits
 432              		.align	2
 433              		.set	.LANCHOR0,. + 0
 436              	mb_manage_table:
 437 0000 00000000 		.space	12
 437      00000000 
 437      00000000 
 438              		.section	.data.vdc_captured,"aw",%progbits
 439              		.align	2
 440              		.set	.LANCHOR1,. + 0
 443              	vdc_captured:
 444 0000 FFFFFFFF 		.word	-1
 445              		.section	Capture_RAM,"aw",%progbits
 446              		.align	2
 447              		.set	.LANCHOR3,. + 0
 450              	frame_buffer:
 451 0000 00000000 		.space	614400
 451      00000000 
 451      00000000 
 451      00000000 
 451      00000000 
 452              		.text
 453              	.Letext0:
 454              		.file 2 "c:\\program files (x86)\\gnu tools arm embedded\\6 2017-q2-update\\arm-none-eabi\\include
 455              		.file 3 "c:\\program files (x86)\\gnu tools arm embedded\\6 2017-q2-update\\arm-none-eabi\\include
 456              		.file 4 "c:\\program files (x86)\\gnu tools arm embedded\\6 2017-q2-update\\arm-none-eabi\\include
 457              		.file 5 "c:\\program files (x86)\\gnu tools arm embedded\\6 2017-q2-update\\arm-none-eabi\\include
 458              		.file 6 "c:\\program files (x86)\\gnu tools arm embedded\\6 2017-q2-update\\lib\\gcc\\arm-none-eab
 459              		.file 7 "c:\\program files (x86)\\gnu tools arm embedded\\6 2017-q2-update\\arm-none-eabi\\include
 460              		.file 8 "c:\\program files (x86)\\gnu tools arm embedded\\6 2017-q2-update\\arm-none-eabi\\include
 461              		.file 9 "C:/Users/rj7356s/e2-new/workspace/rza2m_drp_dynamic_sample2_freertos_gcc/generate/sc_driv
 462              		.file 10 "C:/Users/rj7356s/e2-new/workspace/rza2m_drp_dynamic_sample2_freertos_gcc/src/renesas/app
 463              		.file 11 "C:/Users/rj7356s/e2-new/workspace/rza2m_drp_dynamic_sample2_freertos_gcc/generate/driver
 464              		.file 12 "C:/Users/rj7356s/e2-new/workspace/rza2m_drp_dynamic_sample2_freertos_gcc/src/renesas/app
 465              		.file 13 "C:/Users/rj7356s/e2-new/workspace/rza2m_drp_dynamic_sample2_freertos_gcc/generate/sc_dri
 466              		.file 14 "C:/Users/rj7356s/e2-new/workspace/rza2m_drp_dynamic_sample2_freertos_gcc/src/renesas/app
DEFINED SYMBOLS
                            *ABS*:00000000 r_bcd_camera.c
C:\Users\rj7356s\AppData\Local\Temp\ccwW2g04.s:17     .text.SwapPoint:00000000 $a
C:\Users\rj7356s\AppData\Local\Temp\ccwW2g04.s:22     .text.SwapPoint:00000000 SwapPoint
C:\Users\rj7356s\AppData\Local\Temp\ccwW2g04.s:49     .text.MipiInt_isr:00000000 $a
C:\Users\rj7356s\AppData\Local\Temp\ccwW2g04.s:54     .text.MipiInt_isr:00000000 MipiInt_isr
C:\Users\rj7356s\AppData\Local\Temp\ccwW2g04.s:433    .bss.mb_manage_table:00000000 .LANCHOR0
C:\Users\rj7356s\AppData\Local\Temp\ccwW2g04.s:440    .data.vdc_captured:00000000 .LANCHOR1
C:\Users\rj7356s\AppData\Local\Temp\ccwW2g04.s:426    .bss.buff_write_point:00000000 .LANCHOR2
C:\Users\rj7356s\AppData\Local\Temp\ccwW2g04.s:447    Capture_RAM:00000000 .LANCHOR3
C:\Users\rj7356s\AppData\Local\Temp\ccwW2g04.s:115    .text.R_BCD_CameraGetFrameAddress:00000000 $a
C:\Users\rj7356s\AppData\Local\Temp\ccwW2g04.s:121    .text.R_BCD_CameraGetFrameAddress:00000000 R_BCD_CameraGetFrameAddress
C:\Users\rj7356s\AppData\Local\Temp\ccwW2g04.s:141    .text.R_BCD_CameraInit:00000000 $a
C:\Users\rj7356s\AppData\Local\Temp\ccwW2g04.s:147    .text.R_BCD_CameraInit:00000000 R_BCD_CameraInit
C:\Users\rj7356s\AppData\Local\Temp\ccwW2g04.s:297    .text.R_BCD_CameraCaptureStart:00000000 $a
C:\Users\rj7356s\AppData\Local\Temp\ccwW2g04.s:303    .text.R_BCD_CameraCaptureStart:00000000 R_BCD_CameraCaptureStart
C:\Users\rj7356s\AppData\Local\Temp\ccwW2g04.s:373    .text.R_BCD_CameraGetCaptureStatus:00000000 $a
C:\Users\rj7356s\AppData\Local\Temp\ccwW2g04.s:379    .text.R_BCD_CameraGetCaptureStatus:00000000 R_BCD_CameraGetCaptureStatus
C:\Users\rj7356s\AppData\Local\Temp\ccwW2g04.s:396    .text.R_BCD_CameraClearCaptureStatus:00000000 $a
C:\Users\rj7356s\AppData\Local\Temp\ccwW2g04.s:402    .text.R_BCD_CameraClearCaptureStatus:00000000 R_BCD_CameraClearCaptureStatus
C:\Users\rj7356s\AppData\Local\Temp\ccwW2g04.s:422    .bss.R_BCD_CameraBayerMode:00000000 R_BCD_CameraBayerMode
C:\Users\rj7356s\AppData\Local\Temp\ccwW2g04.s:423    .bss.R_BCD_CameraBayerMode:00000000 $d
C:\Users\rj7356s\AppData\Local\Temp\ccwW2g04.s:425    .bss.buff_write_point:00000000 $d
C:\Users\rj7356s\AppData\Local\Temp\ccwW2g04.s:429    .bss.buff_write_point:00000000 buff_write_point
C:\Users\rj7356s\AppData\Local\Temp\ccwW2g04.s:432    .bss.mb_manage_table:00000000 $d
C:\Users\rj7356s\AppData\Local\Temp\ccwW2g04.s:436    .bss.mb_manage_table:00000000 mb_manage_table
C:\Users\rj7356s\AppData\Local\Temp\ccwW2g04.s:439    .data.vdc_captured:00000000 $d
C:\Users\rj7356s\AppData\Local\Temp\ccwW2g04.s:443    .data.vdc_captured:00000000 vdc_captured
C:\Users\rj7356s\AppData\Local\Temp\ccwW2g04.s:446    Capture_RAM:00000000 $d
C:\Users\rj7356s\AppData\Local\Temp\ccwW2g04.s:450    Capture_RAM:00000000 frame_buffer
                     .debug_frame:00000010 $d
                           .group:00000000 wm4.0.14fc17be114e5a2cba0959c511ea2aaf
                           .group:00000000 wm4.stddef.h.39.a38874c8f8a57e66301090908ec2a69f
                           .group:00000000 wm4._newlib_version.h.4.3572908597b70d672d181fc7fc501c19
                           .group:00000000 wm4.features.h.33.d97f2d646536517df901beeb5b9993f5
                           .group:00000000 wm4._default_types.h.15.247e5cd201eca3442cbf5404108c4935
                           .group:00000000 wm4._intsup.h.10.cce27fed8484c08a33f522034c30d2b5
                           .group:00000000 wm4._stdint.h.10.c24fa3af3bc1706662bb5593a907e841
                           .group:00000000 wm4.stdint.h.23.d53047a68f4a85177f80b422d52785ed
                           .group:00000000 wm4.newlib.h.8.5f2124c7e712be65f83b91ff86a0b1c1
                           .group:00000000 wm4.config.h.219.65a553ab5bef5482f0d7880b0d33015e
                           .group:00000000 wm4._ansi.h.23.9f8fcfa20193763fcf364fb91705c94b
                           .group:00000000 wm4.lock.h.2.1461d1fff82dffe8bfddc23307f6484f
                           .group:00000000 wm4._types.h.125.5cf8a495f1f7ef36777ad868a1e32068
                           .group:00000000 wm4.stddef.h.161.5349cb105733e8777bfb0cf53c4e3f34
                           .group:00000000 wm4._types.h.183.c226d164ceca1f2ecb9ae9360c54a098
                           .group:00000000 wm4.reent.h.17.23b059516345f8f5abfa01ddc379570f
                           .group:00000000 wm4.cdefs.h.47.e658329a094974ebad41b40c60502de7
                           .group:00000000 wm4.math.h.13.adb102f7bd7860b1f241e149d6914a1e
                           .group:00000000 wm4.r_typedefs.h.38.e90d9de5300d9ae020e5db8c5af88b3e
                           .group:00000000 wm4.mipi_camera.h.25.be6225dfafda6e2e1c67275eaeb708d4
                           .group:00000000 wm4.adc_iodefine.h.29.14c6f50dce37432a7d004e4b1ce33da7
                           .group:00000000 wm4.bsc_iodefine.h.29.9281d1f3639266933964d6d0c2d42c4f
                           .group:00000000 wm4.ceu_iodefine.h.29.2a669d0b46fdde030a50db9e3c307fbf
                           .group:00000000 wm4.cpg_iodefine.h.29.d6fdc9cb4798723afd88b251d64c2ce2
                           .group:00000000 wm4.csi2link_iodefine.h.29.221c4531636a409f24d307b16341ada8
                           .group:00000000 wm4.dmac_iodefine.h.29.578fccc2cc1da886ec95a029bf874f01
                           .group:00000000 wm4.drpk_iodefine.h.29.580eb8588a2b2d43d2726fbe791e513f
                           .group:00000000 wm4.drw_iodefine.h.29.df30f4a4a34a79f6a86c4df91353dffe
                           .group:00000000 wm4.edmac_iodefine.h.29.33e8759349004a722f42f5429c1353f6
                           .group:00000000 wm4.eptpc_iodefine.h.29.74d8f9fab0f5549b56097fb9e937dde8
                           .group:00000000 wm4.etherc_iodefine.h.29.14602750383a574f1c21f994ad33a366
                           .group:00000000 wm4.gpio_iodefine.h.29.3d0b021c56839cee4ae5149903684e4b
                           .group:00000000 wm4.gpt_iodefine.h.29.557ead75d7b0585b898d3898b64c7f87
                           .group:00000000 wm4.hyper_iodefine.h.29.000caadbb74d881e97db55b39b432154
                           .group:00000000 wm4.imr_iodefine.h.29.77c022f017e711c4d51cc0145db1dad3
                           .group:00000000 wm4.intc_iodefine.h.29.b68f5799a35a7495d63b4cd458e1ba57
                           .group:00000000 wm4.irda_iodefine.h.29.37e67bd2005173d68a74d1cc937d8444
                           .group:00000000 wm4.jcu_iodefine.h.29.3aca452908962e7a7ccf26164751feda
                           .group:00000000 wm4.lvds_iodefine.h.29.c11cbe1900e5209c8dcc76c2336c16bc
                           .group:00000000 wm4.mtu_iodefine.h.29.5498fb974bb53caf05aa143c2deec781
                           .group:00000000 wm4.nandc_iodefine.h.29.e0b343306750f017ee86e169ad98efe9
                           .group:00000000 wm4.octa_iodefine.h.29.4cb0d62e4b9633e173858000dc1c626c
                           .group:00000000 wm4.ostm_iodefine.h.29.6914f7e330a1cf0008b34219adcdfed4
                           .group:00000000 wm4.pl_iodefine.h.29.abbb6d725aed990aa8343242bfe31416
                           .group:00000000 wm4.pmg_iodefine.h.29.8bcfbc4771a6f9b7dd4d6f504427219e
                           .group:00000000 wm4.poeg_iodefine.h.29.0d8e258d10986260cbc70cfb8c0ef273
                           .group:00000000 wm4.poe_iodefine.h.29.fe74e55e7b6b4afbe3596c74ba035e98
                           .group:00000000 wm4.prr_iodefine.h.29.c1f15576f7a27b9c83aa3b40f5b2f988
                           .group:00000000 wm4.ptpedmac_iodefine.h.29.cd24a93374ce35cebc41e26889d619ef
                           .group:00000000 wm4.rcanfd_iodefine.h.29.532dd48b82fcb61d63538aba4b6f1289
                           .group:00000000 wm4.rcan_iodefine.h.29.a47a89db1b35c12b54af48fa1956acba
                           .group:00000000 wm4.riic_iodefine.h.29.f96943d49800d297612c4af3bba5c943
                           .group:00000000 wm4.rspi_iodefine.h.29.7efa041fe34a7d27db66a7b337879dfe
                           .group:00000000 wm4.rtc_iodefine.h.29.6dc76be5ca3df69cecb5a81d06cc46b5
                           .group:00000000 wm4.scifa_iodefine.h.29.b04ccd664d71baaf31c75761c45b9c4d
                           .group:00000000 wm4.scim_iodefine.h.29.87d0760abf94446b00d826c797bf0ff2
                           .group:00000000 wm4.sdmmc_iodefine.h.29.e67e9815445e8057a3262d1566bea0db
                           .group:00000000 wm4.spdif_iodefine.h.29.59f5d70150fa200a4d8ee50be1ee34c8
                           .group:00000000 wm4.spibsc_iodefine.h.29.f4930f8b8da1140200204513a363c76f
                           .group:00000000 wm4.sprite_iodefine.h.29.55796d1fa083a2457fea4ece974a192e
                           .group:00000000 wm4.ssif_iodefine.h.29.054ec6d95f487f631f16aee39c85c47a
                           .group:00000000 wm4.usb_iodefine.h.29.6dc44ea388ba227e8fdcfb33c315887b
                           .group:00000000 wm4.vdc_iodefine.h.29.db282ded1f052d8567fbbd3b61ce8f7a
                           .group:00000000 wm4.vin_iodefine.h.29.9b392e5601347d53e64be3272934e170
                           .group:00000000 wm4.wdt_iodefine.h.29.ed07bb44b797072f8c28b41c64fdca30
                           .group:00000000 wm4.r_mipi_user.h.32.80935d64668479eae19d7b52f81717b2
                           .group:00000000 wm4.camera_imx219_b.h.30.8c82c3cf929ab7b047a9cbaee3093a39
                           .group:00000000 wm4.r_bcd_camera.h.41.02044b2d738d4341719a14b6968a6deb
                           .group:00000000 wm4.driver.h.34.180df73e0731406f5e50150641059ede
                           .group:00000000 wm4.r_intc_lld_rza2m.h.35.148dee33e6a963828fdce2545668b517
                           .group:00000000 wm4.r_bcd_ae.h.38.22dce52b8461f1993abe2b524e40ff98

UNDEFINED SYMBOLS
R_MIPI_GetInfo
R_RVAPI_SetBufferMIPI
Init_Camera
R_RVAPI_InitializeMIPI
R_RVAPI_OpenMIPI
R_RVAPI_InterruptEnableMIPI
R_RVAPI_SetupMIPI
R_RVAPI_CaptureStartMIPI
Start_Camera
